make all --print-data-base --no-builtin-variables --no-builtin-rules --question
# GNU Make 4.3
# Built for x86_64-unknown-linux-gnu
# Copyright (C) 1988-2020 Free Software Foundation, Inc.
# License GPLv3+: GNU GPL version 3 or later <http://gnu.org/licenses/gpl.html>
# This is free software: you are free to change and redistribute it.
# There is NO WARRANTY, to the extent permitted by law.

# Make data base, printed on Tue Aug 23 16:26:56 2022

# Variables

# environment
GDK_BACKEND = x11
# environment
LC_ALL = C
# environment
PULSE_SERVER = unix:/run/flatpak/pulse/native
# environment
GJS_DEBUG_OUTPUT = stderr
# environment
SBX_CHROME_API_RQ = 1
# environment
VSCODE_CWD = /nfs/homes/ybaudoui
# environment
GDM_LANG = en
# default
MAKE_COMMAND := make
# environment
QT_ACCESSIBILITY = 1
# automatic
@D = $(patsubst %/,%,$(dir $@))
# environment
VSCODE_HANDLES_UNCAUGHT_ERRORS = true
# default
.VARIABLES := 
# environment
PWD = /nfs/homes/ybaudoui/Documents/Git hub Yan/Cursus 42/push_swap
# environment
ZYPAK_ZYGOTE_STRATEGY_SPAWN = 1
# automatic
%D = $(patsubst %/,%,$(dir $%))
# environment
GI_TYPELIB_PATH = /app/lib/girepository-1.0
# environment
XDG_DATA_DIRS = /app/share:/usr/share:/usr/share/runtime/share:/run/host/user-share:/run/host/share
# automatic
^D = $(patsubst %/,%,$(dir $^))
# automatic
%F = $(notdir $%)
# environment
VSCODE_CODE_CACHE_PATH = /nfs/homes/ybaudoui/.var/app/com.visualstudio.code/config/Code/CachedData/b06ae3b2d2dbfe28bca3134cc6be65935cdfea6a
# environment
XDG_SESSION_PATH = /org/freedesktop/DisplayManager/Session25
# environment
LANG = C
# environment
XAUTHORITY = /run/flatpak/Xauthority
# default
.LOADED := 
# default
.INCLUDE_DIRS = /usr/include /usr/include
# environment
ALSA_CONFIG_DIR = /usr/share/alsa
# makefile
MAKEFLAGS = pqrR
# environment
ZYPAK_SPAWN_LATEST_ON_REEXEC = 0
# makefile
CURDIR := /nfs/homes/ybaudoui/Documents/Git hub Yan/Cursus 42/push_swap
# environment
APPLICATION_INSIGHTS_NO_DIAGNOSTIC_CHANNEL = 1
# makefile (from 'Makefile', line 15)
SRCS = main.c function_part1.c function_part2.c ft_check.c struct_init.c free_pile.c error_handling.c ft_parsing.c utils.c
# automatic
*D = $(patsubst %/,%,$(dir $*))
# environment
ZYPAK_LIB = /app/bin/../lib
# environment
MFLAGS = -pqrR
# environment
SSH_AUTH_SOCK = /run/flatpak/ssh-auth
# default
.SHELLFLAGS := -c
# environment
XDG_CONFIG_DIRS = /app/etc/xdg:/etc/xdg
# automatic
+D = $(patsubst %/,%,$(dir $+))
# environment
ALSA_CONFIG_PATH = /usr/share/alsa/alsa-flatpak.conf
# environment
XDG_SESSION_DESKTOP = ubuntu
# makefile (from 'Makefile', line 1)
MAKEFILE_LIST := Makefile
# environment
FLATPAK_SANDBOX_DIR = /nfs/homes/ybaudoui/.var/app/com.visualstudio.code/sandbox
# automatic
@F = $(notdir $@)
# environment
VSCODE_PID = 23
# environment
KRB5CCNAME = FILE:/tmp/krb5cc_101107_BSNvDO
# environment
XDG_SESSION_TYPE = x11
# automatic
?D = $(patsubst %/,%,$(dir $?))
# environment
AT_SPI_BUS_ADDRESS = unix:path=/run/flatpak/at-spi-bus
# environment
XDG_DATA_HOME = /nfs/homes/ybaudoui/.var/app/com.visualstudio.code/data
# environment
SANDBOX_LD_PRELOAD = /app/bin/../lib/libzypak-preload-host.so:/app/bin/../lib/libzypak-preload-host-spawn-strategy.so
# environment
SESSION_MANAGER = local/1A7.42angouleme.fr:@/tmp/.ICE-unix/1334965,unix/1A7.42angouleme.fr:/tmp/.ICE-unix/1334965
# automatic
*F = $(notdir $*)
# environment
CHROME_DESKTOP = code-url-handler.desktop
# environment
DBUS_SESSION_BUS_ADDRESS = unix:path=/run/flatpak/bus
# automatic
<D = $(patsubst %/,%,$(dir $<))
# environment
VSCODE_NLS_CONFIG = {"locale":"en-us","availableLanguages":{},"_languagePackSupport":true}
# environment
__EGL_EXTERNAL_PLATFORM_CONFIG_DIRS = /etc/egl/egl_external_platform.d:/usr/lib/x86_64-linux-gnu/GL/egl/egl_external_platform.d:/usr/share/egl/egl_external_platform.d
# default
MAKE_HOST := x86_64-unknown-linux-gnu
# makefile (from 'Makefile', line 17)
OBJS = $(SRCS:.c=.o)
# environment
GNOME_DESKTOP_SESSION_ID = this-is-deprecated
# makefile
SHELL = /bin/sh
# default
MAKECMDGOALS := all
# environment
XMODIFIERS = @im=ibus
# environment
LD_LIBRARY_PATH = /app/lib
# environment
GJS_DEBUG_TOPICS = JS ERROR;JS LOG
# environment
SANDBOX_LD_LIBRARY_PATH = /app/lib
# environment
SHLVL = 0
# environment
MAKELEVEL := 0
# default
MAKE = $(MAKE_COMMAND)
# environment
PATH = /app/bin:/app/bin:/app/bin:/usr/bin:/nfs/homes/ybaudoui/.var/app/com.visualstudio.code/data/node_modules/bin
# default
MAKEFILES := 
# environment
LANGUAGE = en
# automatic
^F = $(notdir $^)
# environment
DBUS_SYSTEM_BUS_ADDRESS = unix:path=/run/dbus/system_bus_socket
# environment
XDG_CONFIG_HOME = /nfs/homes/ybaudoui/.var/app/com.visualstudio.code/config
# environment
INVOCATION_ID = 5a5872030a274f37b264a456d8bffee6
# automatic
?F = $(notdir $?)
# makefile (from 'Makefile', line 13)
NAME = push_swap
# environment
XDG_CURRENT_DESKTOP = Unity
# automatic
+F = $(notdir $+)
# environment
XDG_SEAT_PATH = /org/freedesktop/DisplayManager/Seat0
# environment
DESKTOP_SESSION = ubuntu
# environment
GST_PLUGIN_SYSTEM_PATH = /app/lib/gstreamer-1.0:/usr/lib/extensions/gstreamer-1.0:/usr/lib/x86_64-linux-gnu/gstreamer-1.0
# environment
ORIGINAL_XDG_CURRENT_DESKTOP = ubuntu:GNOME
# 'override' directive
GNUMAKEFLAGS := 
# environment
LOGNAME = ybaudoui
# environment
container = flatpak
# environment
GIO_LAUNCHED_DESKTOP_FILE = /var/lib/flatpak/exports/share/applications/com.visualstudio.code.desktop
# makefile
.DEFAULT_GOAL := push_swap
# environment
NPM_CONFIG_GLOBALCONFIG = /app/etc/npmrc
# environment
GTK_MODULES = gail:atk-bridge
# environment
USER = ybaudoui
# environment
DISPLAY = :99.0
# default
MAKE_VERSION := 4.3
# makefile (from 'Makefile', line 19)
LIB_FLAGS = -Llibft
# environment
MANAGERPID = 1334676
# environment
GIO_LAUNCHED_DESKTOP_FILE_PID = 1397357
# environment
SSH_AGENT_PID = 1334927
# environment
_ = /usr/bin/make
# environment
XDG_RUNTIME_DIR = /run/user/101107
# environment
GPG_AGENT_INFO = /run/user/101107/gnupg/S.gpg-agent:0:1
# environment
PULSE_CLIENTCONFIG = /run/flatpak/pulse/config
# environment
JOURNAL_STREAM = 9:15527297
# environment
XDG_SESSION_CLASS = user
# environment
VSCODE_AMD_ENTRYPOINT = vs/workbench/api/node/extensionHostProcess
# environment
HOME = /nfs/homes/ybaudoui
# environment
QT_IM_MODULE = ibus
# environment
ELECTRON_RUN_AS_NODE = 1
# environment
VSCODE_IPC_HOOK = /run/user/101107/vscode-7e9a6ccb-1.69.1-main.sock
# environment
IM_CONFIG_PHASE = 1
# default
.RECIPEPREFIX := 
# automatic
<F = $(notdir $<)
# default
SUFFIXES := 
# environment
XDG_CACHE_HOME = /nfs/homes/ybaudoui/.var/app/com.visualstudio.code/cache
# environment
VSCODE_CLI = 1
# environment
ELECTRON_NO_ATTACH_CONSOLE = 1
# environment
XDG_GREETER_DATA_DIR = /var/lib/lightdm-data/ybaudoui
# default
.FEATURES := target-specific order-only second-expansion else-if shortest-stem undefine oneshell nocomment grouped-target extra-prereqs archives jobserver output-sync check-symlink load
# makefile (from 'Makefile', line 21)
CC = gcc
# environment
FLATPAK_ID = com.visualstudio.code
# environment
XDG_MENU_PREFIX = gnome-
# environment
ZYPAK_BIN = /app/bin
# environment
GDMSESSION = ubuntu
# variable set hash-table stats:
# Load=123/1024=12%, Rehash=0, Collisions=16/155=10%

# Pattern-specific Variable Values

# No pattern-specific variable values.

# Directories

# . (device 56, inode 134283725): 32 files, no impossibilities.

# 32 files, no impossibilities in 1 directories.

# Implicit Rules

# No implicit rules.

# Files

.c.o:
#  Implicit rule search has not been done.
#  Modification time never checked.
#  File has not been updated.
#  recipe to execute (from 'Makefile', line 24):
		$(CC) -Wall -Wextra -Werror -Ilibft -Llibft -lft -g -c $< -o $@

# Not a target:
 
ft_parsing.o:
#  Implicit rule search has been done.
#  Last modified 2022-08-23 14:31:28.037432125
#  File has been updated.
#  Successfully updated.

# Not a target:
error_handling.o:
#  Implicit rule search has been done.
#  Last modified 2022-08-23 14:31:28.001432761
#  File has been updated.
#  Successfully updated.

# Not a target:
Makefile:
#  Implicit rule search has been done.
#  Last modified 2022-08-23 09:40:02.860275178
#  File has been updated.
#  Successfully updated.

clean:
#  Implicit rule search has not been done.
#  Modification time never checked.
#  File has not been updated.
#  recipe to execute (from 'Makefile', line 33):
		rm -f $(OBJS)
		make -sC libft clean
	

# Not a target:
function_part2.o:
#  Implicit rule search has been done.
#  Last modified 2022-08-23 14:31:27.873435027
#  File has been updated.
#  Successfully updated.

re: fclean all
#  Implicit rule search has not been done.
#  Modification time never checked.
#  File has not been updated.

# Not a target:
free_pile.o:
#  Implicit rule search has been done.
#  Last modified 2022-08-23 14:31:27.965433399
#  File has been updated.
#  Successfully updated.

# Not a target:
.DEFAULT:
#  Implicit rule search has not been done.
#  Modification time never checked.
#  File has not been updated.

# Not a target:
struct_init.o:
#  Implicit rule search has been done.
#  Last modified 2022-08-23 14:31:27.933433965
#  File has been updated.
#  Successfully updated.

all: push_swap
#  Command line target.
#  Implicit rule search has been done.
#  File does not exist.
#  File has been updated.
#  Successfully updated.

fclean: clean
#  Implicit rule search has not been done.
#  Modification time never checked.
#  File has not been updated.
#  recipe to execute (from 'Makefile', line 37):
		rm -f $(NAME)
		make -sC libft fclean
	

push_swap: main.o function_part1.o function_part2.o ft_check.o struct_init.o free_pile.o error_handling.o ft_parsing.o utils.o
#  Implicit rule search has not been done.
#  Last modified 2022-08-23 14:31:29.329409253
#  File has been updated.
#  Successfully updated.
#  recipe to execute (from 'Makefile', line 27):
			make -sC libft
			$(CC) $(LIB_FLAGS) $(OBJS) -o $(NAME) -g -Llibft -lft

# Not a target:
main.o:
#  Implicit rule search has been done.
#  Last modified 2022-08-23 14:31:27.805436231
#  File has been updated.
#  Successfully updated.

# Not a target:
ft_check.o:
#  Implicit rule search has been done.
#  Last modified 2022-08-23 14:31:27.905434461
#  File has been updated.
#  Successfully updated.

# Not a target:
function_part1.o:
#  Implicit rule search has been done.
#  Last modified 2022-08-23 14:31:27.837435665
#  File has been updated.
#  Successfully updated.

# Not a target:
utils.o:
#  Implicit rule search has been done.
#  Last modified 2022-08-23 14:31:28.065431629
#  File has been updated.
#  Successfully updated.

# files hash-table stats:
# Load=18/1024=2%, Rehash=0, Collisions=0/42=0%
# VPATH Search Paths

# No 'vpath' search paths.

# No general ('VPATH' variable) search path.

# strcache buffers: 1 (0) / strings = 40 / storage = 406 B / avg = 10 B
# current buf: size = 8162 B / used = 406 B / count = 40 / avg = 10 B

# strcache performance: lookups = 65 / hit rate = 38%
# hash-table stats:
# Load=40/8192=0%, Rehash=0, Collisions=0/65=0%
# Finished Make data base on Tue Aug 23 16:26:56 2022

 
